0 info it worked if it ends with ok
1 verbose cli [ 'C:\\Program Files\\nodejs\\node.exe',
1 verbose cli   'C:\\Program Files\\nodejs\\node_modules\\npm\\bin\\npm-cli.js',
1 verbose cli   'install',
1 verbose cli   'oracledb',
1 verbose cli   '--save' ]
2 info using npm@3.10.10
3 info using node@v6.11.0
4 silly loadCurrentTree Starting
5 silly install loadCurrentTree
6 silly install readLocalPackageData
7 silly fetchPackageMetaData oracledb
8 silly fetchNamedPackageData oracledb
9 silly mapToRegistry name oracledb
10 silly mapToRegistry using default registry
11 silly mapToRegistry registry https://registry.npmjs.org/
12 silly mapToRegistry data Result {
12 silly mapToRegistry   raw: 'oracledb',
12 silly mapToRegistry   scope: null,
12 silly mapToRegistry   escapedName: 'oracledb',
12 silly mapToRegistry   name: 'oracledb',
12 silly mapToRegistry   rawSpec: '',
12 silly mapToRegistry   spec: 'latest',
12 silly mapToRegistry   type: 'tag' }
13 silly mapToRegistry uri https://registry.npmjs.org/oracledb
14 verbose request uri https://registry.npmjs.org/oracledb
15 verbose request no auth needed
16 info attempt registry request try #1 at 2:58:43 PM
17 verbose request id b711a6b2d5f29215
18 verbose etag W/"58ed84b9-b2fe"
19 verbose lastModified Wed, 12 Apr 2017 01:36:57 GMT
20 http request GET https://registry.npmjs.org/oracledb
21 http 304 https://registry.npmjs.org/oracledb
22 verbose headers { date: 'Thu, 06 Jul 2017 09:28:45 GMT',
22 verbose headers   via: '1.1 varnish',
22 verbose headers   'cache-control': 'max-age=300',
22 verbose headers   etag: 'W/"58ed84b9-b2fe"',
22 verbose headers   age: '91',
22 verbose headers   connection: 'keep-alive',
22 verbose headers   'x-served-by': 'cache-jfk8138-JFK',
22 verbose headers   'x-cache': 'HIT',
22 verbose headers   'x-cache-hits': '1',
22 verbose headers   'x-timer': 'S1499333325.222341,VS0,VE0',
22 verbose headers   vary: 'Accept-Encoding' }
23 silly get cb [ 304,
23 silly get   { date: 'Thu, 06 Jul 2017 09:28:45 GMT',
23 silly get     via: '1.1 varnish',
23 silly get     'cache-control': 'max-age=300',
23 silly get     etag: 'W/"58ed84b9-b2fe"',
23 silly get     age: '91',
23 silly get     connection: 'keep-alive',
23 silly get     'x-served-by': 'cache-jfk8138-JFK',
23 silly get     'x-cache': 'HIT',
23 silly get     'x-cache-hits': '1',
23 silly get     'x-timer': 'S1499333325.222341,VS0,VE0',
23 silly get     vary: 'Accept-Encoding' } ]
24 verbose etag https://registry.npmjs.org/oracledb from cache
25 verbose get saving oracledb to C:\Users\m1034714\AppData\Roaming\npm-cache\registry.npmjs.org\oracledb\.cache.json
26 verbose correctMkdir C:\Users\m1034714\AppData\Roaming\npm-cache correctMkdir not in flight; initializing
27 silly install normalizeTree
28 silly loadCurrentTree Finishing
29 silly loadIdealTree Starting
30 silly install loadIdealTree
31 silly cloneCurrentTree Starting
32 silly install cloneCurrentTreeToIdealTree
33 silly cloneCurrentTree Finishing
34 silly loadShrinkwrap Starting
35 silly install loadShrinkwrap
36 silly loadShrinkwrap Finishing
37 silly loadAllDepsIntoIdealTree Starting
38 silly install loadAllDepsIntoIdealTree
39 silly resolveWithNewModule oracledb@1.13.1 checking installable status
40 silly cache add args [ 'oracledb', null ]
41 verbose cache add spec oracledb
42 silly cache add parsed spec Result {
42 silly cache add   raw: 'oracledb',
42 silly cache add   scope: null,
42 silly cache add   escapedName: 'oracledb',
42 silly cache add   name: 'oracledb',
42 silly cache add   rawSpec: '',
42 silly cache add   spec: 'latest',
42 silly cache add   type: 'tag' }
43 silly addNamed oracledb@latest
44 verbose addNamed "latest" is being treated as a dist-tag for oracledb
45 info addNameTag [ 'oracledb', 'latest' ]
46 silly mapToRegistry name oracledb
47 silly mapToRegistry using default registry
48 silly mapToRegistry registry https://registry.npmjs.org/
49 silly mapToRegistry data Result {
49 silly mapToRegistry   raw: 'oracledb',
49 silly mapToRegistry   scope: null,
49 silly mapToRegistry   escapedName: 'oracledb',
49 silly mapToRegistry   name: 'oracledb',
49 silly mapToRegistry   rawSpec: '',
49 silly mapToRegistry   spec: 'latest',
49 silly mapToRegistry   type: 'tag' }
50 silly mapToRegistry uri https://registry.npmjs.org/oracledb
51 verbose addNameTag registry:https://registry.npmjs.org/oracledb not in flight; fetching
52 verbose get https://registry.npmjs.org/oracledb not expired, no request
53 silly addNameTag next cb for oracledb with tag latest
54 silly addNamed oracledb@1.13.1
55 verbose addNamed "1.13.1" is a plain semver version for oracledb
56 silly cache afterAdd oracledb@1.13.1
57 verbose afterAdd C:\Users\m1034714\AppData\Roaming\npm-cache\oracledb\1.13.1\package\package.json not in flight; writing
58 verbose correctMkdir C:\Users\m1034714\AppData\Roaming\npm-cache correctMkdir not in flight; initializing
59 verbose afterAdd C:\Users\m1034714\AppData\Roaming\npm-cache\oracledb\1.13.1\package\package.json written
60 silly fetchNamedPackageData nan
61 silly mapToRegistry name nan
62 silly mapToRegistry using default registry
63 silly mapToRegistry registry https://registry.npmjs.org/
64 silly mapToRegistry data Result {
64 silly mapToRegistry   raw: 'nan',
64 silly mapToRegistry   scope: null,
64 silly mapToRegistry   escapedName: 'nan',
64 silly mapToRegistry   name: 'nan',
64 silly mapToRegistry   rawSpec: '',
64 silly mapToRegistry   spec: 'latest',
64 silly mapToRegistry   type: 'tag' }
65 silly mapToRegistry uri https://registry.npmjs.org/nan
66 verbose request uri https://registry.npmjs.org/nan
67 verbose request no auth needed
68 info attempt registry request try #1 at 2:58:46 PM
69 verbose etag W/"592dfb8f-1f9f8"
70 verbose lastModified Tue, 30 May 2017 23:09:03 GMT
71 http request GET https://registry.npmjs.org/nan
72 http 304 https://registry.npmjs.org/nan
73 verbose headers { date: 'Thu, 06 Jul 2017 09:28:46 GMT',
73 verbose headers   via: '1.1 varnish',
73 verbose headers   'cache-control': 'max-age=300',
73 verbose headers   etag: 'W/"592dfb8f-1f9f8"',
73 verbose headers   age: '219',
73 verbose headers   connection: 'keep-alive',
73 verbose headers   'x-served-by': 'cache-jfk8138-JFK',
73 verbose headers   'x-cache': 'HIT',
73 verbose headers   'x-cache-hits': '5',
73 verbose headers   'x-timer': 'S1499333326.464635,VS0,VE0',
73 verbose headers   vary: 'Accept-Encoding' }
74 silly get cb [ 304,
74 silly get   { date: 'Thu, 06 Jul 2017 09:28:46 GMT',
74 silly get     via: '1.1 varnish',
74 silly get     'cache-control': 'max-age=300',
74 silly get     etag: 'W/"592dfb8f-1f9f8"',
74 silly get     age: '219',
74 silly get     connection: 'keep-alive',
74 silly get     'x-served-by': 'cache-jfk8138-JFK',
74 silly get     'x-cache': 'HIT',
74 silly get     'x-cache-hits': '5',
74 silly get     'x-timer': 'S1499333326.464635,VS0,VE0',
74 silly get     vary: 'Accept-Encoding' } ]
75 verbose etag https://registry.npmjs.org/nan from cache
76 verbose get saving nan to C:\Users\m1034714\AppData\Roaming\npm-cache\registry.npmjs.org\nan\.cache.json
77 verbose correctMkdir C:\Users\m1034714\AppData\Roaming\npm-cache correctMkdir not in flight; initializing
78 silly resolveWithNewModule nan@2.5.1 checking installable status
79 silly cache add args [ 'nan@~2.5.0', null ]
80 verbose cache add spec nan@~2.5.0
81 silly cache add parsed spec Result {
81 silly cache add   raw: 'nan@~2.5.0',
81 silly cache add   scope: null,
81 silly cache add   escapedName: 'nan',
81 silly cache add   name: 'nan',
81 silly cache add   rawSpec: '~2.5.0',
81 silly cache add   spec: '>=2.5.0 <2.6.0',
81 silly cache add   type: 'range' }
82 silly addNamed nan@>=2.5.0 <2.6.0
83 verbose addNamed ">=2.5.0 <2.6.0" is a valid semver range for nan
84 silly addNameRange { name: 'nan', range: '>=2.5.0 <2.6.0', hasData: false }
85 silly mapToRegistry name nan
86 silly mapToRegistry using default registry
87 silly mapToRegistry registry https://registry.npmjs.org/
88 silly mapToRegistry data Result {
88 silly mapToRegistry   raw: 'nan',
88 silly mapToRegistry   scope: null,
88 silly mapToRegistry   escapedName: 'nan',
88 silly mapToRegistry   name: 'nan',
88 silly mapToRegistry   rawSpec: '',
88 silly mapToRegistry   spec: 'latest',
88 silly mapToRegistry   type: 'tag' }
89 silly mapToRegistry uri https://registry.npmjs.org/nan
90 verbose addNameRange registry:https://registry.npmjs.org/nan not in flight; fetching
91 verbose get https://registry.npmjs.org/nan not expired, no request
92 silly addNameRange number 2 { name: 'nan', range: '>=2.5.0 <2.6.0', hasData: true }
93 silly addNameRange versions [ 'nan',
93 silly addNameRange   [ '0.3.0-wip',
93 silly addNameRange     '0.3.0-wip2',
93 silly addNameRange     '0.3.0',
93 silly addNameRange     '0.3.1',
93 silly addNameRange     '0.3.2',
93 silly addNameRange     '0.4.0',
93 silly addNameRange     '0.4.1',
93 silly addNameRange     '0.4.2',
93 silly addNameRange     '0.4.3',
93 silly addNameRange     '0.4.4',
93 silly addNameRange     '0.5.0',
93 silly addNameRange     '0.5.1',
93 silly addNameRange     '0.5.2',
93 silly addNameRange     '0.6.0',
93 silly addNameRange     '0.7.0',
93 silly addNameRange     '0.7.1',
93 silly addNameRange     '0.8.0',
93 silly addNameRange     '1.0.0',
93 silly addNameRange     '1.1.0',
93 silly addNameRange     '1.1.1',
93 silly addNameRange     '1.1.2',
93 silly addNameRange     '1.2.0',
93 silly addNameRange     '1.3.0',
93 silly addNameRange     '1.4.0',
93 silly addNameRange     '1.4.1',
93 silly addNameRange     '1.5.0',
93 silly addNameRange     '1.4.2',
93 silly addNameRange     '1.4.3',
93 silly addNameRange     '1.5.1',
93 silly addNameRange     '1.5.2',
93 silly addNameRange     '1.6.0',
93 silly addNameRange     '1.5.3',
93 silly addNameRange     '1.6.1',
93 silly addNameRange     '1.6.2',
93 silly addNameRange     '1.7.0',
93 silly addNameRange     '1.8.0',
93 silly addNameRange     '1.8.1',
93 silly addNameRange     '1.8.2',
93 silly addNameRange     '1.8.3',
93 silly addNameRange     '1.8.4',
93 silly addNameRange     '1.9.0',
93 silly addNameRange     '2.0.0',
93 silly addNameRange     '2.0.1',
93 silly addNameRange     '2.0.2',
93 silly addNameRange     '2.0.3',
93 silly addNameRange     '2.0.4',
93 silly addNameRange     '2.0.5',
93 silly addNameRange     '2.0.6',
93 silly addNameRange     '2.0.7',
93 silly addNameRange     '2.0.8',
93 silly addNameRange     '2.0.9',
93 silly addNameRange     '2.1.0',
93 silly addNameRange     '2.2.0',
93 silly addNameRange     '2.2.1',
93 silly addNameRange     '2.3.0',
93 silly addNameRange     '2.3.1',
93 silly addNameRange     '2.3.2',
93 silly addNameRange     '2.3.3',
93 silly addNameRange     '2.3.4',
93 silly addNameRange     '2.3.5',
93 silly addNameRange     '2.4.0',
93 silly addNameRange     '2.5.0',
93 silly addNameRange     '2.5.1',
93 silly addNameRange     '2.6.0',
93 silly addNameRange     '2.6.1',
93 silly addNameRange     '2.6.2' ] ]
94 silly addNamed nan@2.5.1
95 verbose addNamed "2.5.1" is a plain semver version for nan
96 silly cache afterAdd nan@2.5.1
97 verbose afterAdd C:\Users\m1034714\AppData\Roaming\npm-cache\nan\2.5.1\package\package.json not in flight; writing
98 verbose correctMkdir C:\Users\m1034714\AppData\Roaming\npm-cache correctMkdir not in flight; initializing
99 verbose afterAdd C:\Users\m1034714\AppData\Roaming\npm-cache\nan\2.5.1\package\package.json written
100 silly loadAllDepsIntoIdealTree Finishing
101 silly loadIdealTree Finishing
102 silly currentTree dashboard@0.0.1
102 silly currentTree +-- accepts@1.3.3
102 silly currentTree +-- array-flatten@1.1.1
102 silly currentTree +-- body-parser@1.17.2
102 silly currentTree +-- bytes@2.4.0
102 silly currentTree +-- content-disposition@0.5.2
102 silly currentTree +-- content-type@1.0.2
102 silly currentTree +-- cookie-signature@1.0.6
102 silly currentTree +-- cookie@0.3.1
102 silly currentTree +-- debug@2.6.7
102 silly currentTree +-- depd@1.1.0
102 silly currentTree +-- destroy@1.0.4
102 silly currentTree +-- ee-first@1.1.1
102 silly currentTree +-- ejs@2.5.6
102 silly currentTree +-- encodeurl@1.0.1
102 silly currentTree +-- escape-html@1.0.3
102 silly currentTree +-- etag@1.8.0
102 silly currentTree +-- express@4.15.3
102 silly currentTree +-- finalhandler@1.0.3
102 silly currentTree +-- forwarded@0.1.0
102 silly currentTree +-- fresh@0.5.0
102 silly currentTree +-- http-errors@1.6.1
102 silly currentTree +-- iconv-lite@0.4.15
102 silly currentTree +-- inherits@2.0.3
102 silly currentTree +-- ipaddr.js@1.3.0
102 silly currentTree +-- media-typer@0.3.0
102 silly currentTree +-- merge-descriptors@1.0.1
102 silly currentTree +-- methods@1.1.2
102 silly currentTree +-- mime-db@1.27.0
102 silly currentTree +-- mime-types@2.1.15
102 silly currentTree +-- mime@1.3.4
102 silly currentTree +-- ms@2.0.0
102 silly currentTree +-- negotiator@0.6.1
102 silly currentTree +-- on-finished@2.3.0
102 silly currentTree +-- parseurl@1.3.1
102 silly currentTree +-- path-to-regexp@0.1.7
102 silly currentTree +-- proxy-addr@1.1.4
102 silly currentTree +-- qs@6.4.0
102 silly currentTree +-- range-parser@1.2.0
102 silly currentTree +-- raw-body@2.2.0
102 silly currentTree +-- send@0.15.3
102 silly currentTree +-- serve-static@1.12.3
102 silly currentTree +-- setprototypeof@1.0.3
102 silly currentTree +-- statuses@1.3.1
102 silly currentTree +-- type-is@1.6.15
102 silly currentTree +-- unpipe@1.0.0
102 silly currentTree +-- utils-merge@1.0.0
102 silly currentTree `-- vary@1.1.1
103 silly idealTree dashboard@0.0.1
103 silly idealTree +-- accepts@1.3.3
103 silly idealTree +-- array-flatten@1.1.1
103 silly idealTree +-- body-parser@1.17.2
103 silly idealTree +-- bytes@2.4.0
103 silly idealTree +-- content-disposition@0.5.2
103 silly idealTree +-- content-type@1.0.2
103 silly idealTree +-- cookie-signature@1.0.6
103 silly idealTree +-- cookie@0.3.1
103 silly idealTree +-- debug@2.6.7
103 silly idealTree +-- depd@1.1.0
103 silly idealTree +-- destroy@1.0.4
103 silly idealTree +-- ee-first@1.1.1
103 silly idealTree +-- ejs@2.5.6
103 silly idealTree +-- encodeurl@1.0.1
103 silly idealTree +-- escape-html@1.0.3
103 silly idealTree +-- etag@1.8.0
103 silly idealTree +-- express@4.15.3
103 silly idealTree +-- finalhandler@1.0.3
103 silly idealTree +-- forwarded@0.1.0
103 silly idealTree +-- fresh@0.5.0
103 silly idealTree +-- http-errors@1.6.1
103 silly idealTree +-- iconv-lite@0.4.15
103 silly idealTree +-- inherits@2.0.3
103 silly idealTree +-- ipaddr.js@1.3.0
103 silly idealTree +-- media-typer@0.3.0
103 silly idealTree +-- merge-descriptors@1.0.1
103 silly idealTree +-- methods@1.1.2
103 silly idealTree +-- mime-db@1.27.0
103 silly idealTree +-- mime-types@2.1.15
103 silly idealTree +-- mime@1.3.4
103 silly idealTree +-- ms@2.0.0
103 silly idealTree +-- nan@2.5.1
103 silly idealTree +-- negotiator@0.6.1
103 silly idealTree +-- on-finished@2.3.0
103 silly idealTree +-- oracledb@1.13.1
103 silly idealTree +-- parseurl@1.3.1
103 silly idealTree +-- path-to-regexp@0.1.7
103 silly idealTree +-- proxy-addr@1.1.4
103 silly idealTree +-- qs@6.4.0
103 silly idealTree +-- range-parser@1.2.0
103 silly idealTree +-- raw-body@2.2.0
103 silly idealTree +-- send@0.15.3
103 silly idealTree +-- serve-static@1.12.3
103 silly idealTree +-- setprototypeof@1.0.3
103 silly idealTree +-- statuses@1.3.1
103 silly idealTree +-- type-is@1.6.15
103 silly idealTree +-- unpipe@1.0.0
103 silly idealTree +-- utils-merge@1.0.0
103 silly idealTree `-- vary@1.1.1
104 silly generateActionsToTake Starting
105 silly install generateActionsToTake
106 silly generateActionsToTake Finishing
107 silly diffTrees action count 2
108 silly diffTrees add nan@2.5.1
109 silly diffTrees add oracledb@1.13.1
110 silly decomposeActions action count 16
111 silly decomposeActions fetch nan@2.5.1
112 silly decomposeActions extract nan@2.5.1
113 silly decomposeActions test nan@2.5.1
114 silly decomposeActions preinstall nan@2.5.1
115 silly decomposeActions build nan@2.5.1
116 silly decomposeActions install nan@2.5.1
117 silly decomposeActions postinstall nan@2.5.1
118 silly decomposeActions finalize nan@2.5.1
119 silly decomposeActions fetch oracledb@1.13.1
120 silly decomposeActions extract oracledb@1.13.1
121 silly decomposeActions test oracledb@1.13.1
122 silly decomposeActions preinstall oracledb@1.13.1
123 silly decomposeActions build oracledb@1.13.1
124 silly decomposeActions install oracledb@1.13.1
125 silly decomposeActions postinstall oracledb@1.13.1
126 silly decomposeActions finalize oracledb@1.13.1
127 silly runTopLevelLifecycles Starting
128 silly executeActions Starting
129 silly install executeActions
130 silly doSerial global-install 0
131 silly doParallel fetch 2
132 verbose correctMkdir C:\Users\m1034714\AppData\Roaming\npm-cache\_locks correctMkdir not in flight; initializing
133 verbose lock using C:\Users\m1034714\AppData\Roaming\npm-cache\_locks\staging-4f003ae7f32f0942.lock for D:\Dashboard\node_modules\.staging
134 silly doParallel extract 2
135 silly extract nan@2.5.1
136 silly extract oracledb@1.13.1
137 verbose unbuild node_modules\.staging\nan-7156d123
138 verbose unbuild node_modules\.staging\oracledb-e850379d
139 silly gentlyRm D:\Dashboard\node_modules\.staging\nan-7156d123 is being purged from base D:\Dashboard
140 verbose gentlyRm don't care about contents; nuking D:\Dashboard\node_modules\.staging\nan-7156d123
141 verbose tar unpack C:\Users\m1034714\AppData\Roaming\npm-cache\nan\2.5.1\package.tgz
142 verbose tar unpacking to D:\Dashboard\node_modules\.staging\nan-7156d123
143 silly gentlyRm D:\Dashboard\node_modules\.staging\nan-7156d123 is being purged
144 verbose gentlyRm don't care about contents; nuking D:\Dashboard\node_modules\.staging\nan-7156d123
145 silly gunzTarPerm modes [ '777', '666' ]
146 silly gentlyRm D:\Dashboard\node_modules\.staging\oracledb-e850379d is being purged from base D:\Dashboard
147 verbose gentlyRm don't care about contents; nuking D:\Dashboard\node_modules\.staging\oracledb-e850379d
148 verbose tar unpack C:\Users\m1034714\AppData\Roaming\npm-cache\oracledb\1.13.1\package.tgz
149 verbose tar unpacking to D:\Dashboard\node_modules\.staging\oracledb-e850379d
150 silly gentlyRm D:\Dashboard\node_modules\.staging\oracledb-e850379d is being purged
151 verbose gentlyRm don't care about contents; nuking D:\Dashboard\node_modules\.staging\oracledb-e850379d
152 silly gunzTarPerm modes [ '777', '666' ]
153 silly gunzTarPerm extractEntry package.json
154 silly gunzTarPerm modified mode [ 'package.json', 436, 438 ]
155 silly gunzTarPerm extractEntry package.json
156 silly gunzTarPerm modified mode [ 'package.json', 420, 438 ]
157 silly gunzTarPerm extractEntry README.md
158 silly gunzTarPerm modified mode [ 'README.md', 436, 438 ]
159 silly gunzTarPerm extractEntry include_dirs.js
160 silly gunzTarPerm modified mode [ 'include_dirs.js', 436, 438 ]
161 silly gunzTarPerm extractEntry README.md
162 silly gunzTarPerm modified mode [ 'README.md', 420, 438 ]
163 silly gunzTarPerm extractEntry index.js
164 silly gunzTarPerm modified mode [ 'index.js', 420, 438 ]
165 silly gunzTarPerm extractEntry nan_converters.h
166 silly gunzTarPerm modified mode [ 'nan_converters.h', 436, 438 ]
167 silly gunzTarPerm extractEntry CHANGELOG.md
168 silly gunzTarPerm modified mode [ 'CHANGELOG.md', 436, 438 ]
169 silly gunzTarPerm extractEntry LICENSE.md
170 silly gunzTarPerm modified mode [ 'LICENSE.md', 436, 438 ]
171 silly gunzTarPerm extractEntry CHANGELOG.md
172 silly gunzTarPerm modified mode [ 'CHANGELOG.md', 420, 438 ]
173 silly gunzTarPerm extractEntry LICENSE.md
174 silly gunzTarPerm modified mode [ 'LICENSE.md', 420, 438 ]
175 silly gunzTarPerm extractEntry doc/node_misc.md
176 silly gunzTarPerm modified mode [ 'doc/node_misc.md', 436, 438 ]
177 silly gunzTarPerm extractEntry doc/asyncworker.md
178 silly gunzTarPerm modified mode [ 'doc/asyncworker.md', 436, 438 ]
179 silly gunzTarPerm extractEntry doc/callback.md
180 silly gunzTarPerm modified mode [ 'doc/callback.md', 436, 438 ]
181 silly gunzTarPerm extractEntry binding.gyp
182 silly gunzTarPerm modified mode [ 'binding.gyp', 420, 438 ]
183 silly gunzTarPerm extractEntry lib/connection.js
184 silly gunzTarPerm modified mode [ 'lib/connection.js', 420, 438 ]
185 silly gunzTarPerm extractEntry lib/lob.js
186 silly gunzTarPerm modified mode [ 'lib/lob.js', 420, 438 ]
187 silly gunzTarPerm extractEntry lib/oracledb.js
188 silly gunzTarPerm modified mode [ 'lib/oracledb.js', 420, 438 ]
189 silly gunzTarPerm extractEntry lib/pool.js
190 silly gunzTarPerm modified mode [ 'lib/pool.js', 420, 438 ]
191 silly gunzTarPerm extractEntry doc/converters.md
192 silly gunzTarPerm modified mode [ 'doc/converters.md', 436, 438 ]
193 silly gunzTarPerm extractEntry doc/errors.md
194 silly gunzTarPerm modified mode [ 'doc/errors.md', 436, 438 ]
195 silly gunzTarPerm extractEntry lib/querystream.js
196 silly gunzTarPerm modified mode [ 'lib/querystream.js', 420, 438 ]
197 silly gunzTarPerm extractEntry doc/maybe_types.md
198 silly gunzTarPerm modified mode [ 'doc/maybe_types.md', 436, 438 ]
199 silly gunzTarPerm extractEntry doc/methods.md
200 silly gunzTarPerm modified mode [ 'doc/methods.md', 436, 438 ]
201 silly gunzTarPerm extractEntry doc/new.md
202 silly gunzTarPerm modified mode [ 'doc/new.md', 436, 438 ]
203 silly gunzTarPerm extractEntry lib/resultset.js
204 silly gunzTarPerm modified mode [ 'lib/resultset.js', 420, 438 ]
205 silly gunzTarPerm extractEntry lib/util.js
206 silly gunzTarPerm modified mode [ 'lib/util.js', 420, 438 ]
207 silly gunzTarPerm extractEntry src/dpi/include/dpi.h
208 silly gunzTarPerm modified mode [ 'src/dpi/include/dpi.h', 420, 438 ]
209 silly gunzTarPerm extractEntry src/dpi/include/dpiCommon.h
210 silly gunzTarPerm modified mode [ 'src/dpi/include/dpiCommon.h', 420, 438 ]
211 silly gunzTarPerm extractEntry src/dpi/include/dpiConn.h
212 silly gunzTarPerm modified mode [ 'src/dpi/include/dpiConn.h', 420, 438 ]
213 silly gunzTarPerm extractEntry doc/buffers.md
214 silly gunzTarPerm modified mode [ 'doc/buffers.md', 436, 438 ]
215 silly gunzTarPerm extractEntry doc/object_wrappers.md
216 silly gunzTarPerm modified mode [ 'doc/object_wrappers.md', 436, 438 ]
217 silly gunzTarPerm extractEntry src/dpi/include/dpiDateTimeArray.h
218 silly gunzTarPerm modified mode [ 'src/dpi/include/dpiDateTimeArray.h', 420, 438 ]
219 silly gunzTarPerm extractEntry src/dpi/include/dpiEnv.h
220 silly gunzTarPerm modified mode [ 'src/dpi/include/dpiEnv.h', 420, 438 ]
221 silly gunzTarPerm extractEntry doc/persistent.md
222 silly gunzTarPerm modified mode [ 'doc/persistent.md', 436, 438 ]
223 silly gunzTarPerm extractEntry doc/scopes.md
224 silly gunzTarPerm modified mode [ 'doc/scopes.md', 436, 438 ]
225 silly gunzTarPerm extractEntry src/dpi/include/dpiException.h
226 silly gunzTarPerm modified mode [ 'src/dpi/include/dpiException.h', 420, 438 ]
227 silly gunzTarPerm extractEntry src/dpi/include/dpiLob.h
228 silly gunzTarPerm modified mode [ 'src/dpi/include/dpiLob.h', 420, 438 ]
229 silly gunzTarPerm extractEntry doc/script.md
230 silly gunzTarPerm modified mode [ 'doc/script.md', 436, 438 ]
231 silly gunzTarPerm extractEntry doc/string_bytes.md
232 silly gunzTarPerm modified mode [ 'doc/string_bytes.md', 436, 438 ]
233 silly gunzTarPerm extractEntry doc/v8_internals.md
234 silly gunzTarPerm modified mode [ 'doc/v8_internals.md', 436, 438 ]
235 silly gunzTarPerm extractEntry doc/v8_misc.md
236 silly gunzTarPerm modified mode [ 'doc/v8_misc.md', 436, 438 ]
237 silly gunzTarPerm extractEntry src/dpi/include/dpiPool.h
238 silly gunzTarPerm modified mode [ 'src/dpi/include/dpiPool.h', 420, 438 ]
239 silly gunzTarPerm extractEntry src/dpi/include/dpiStmt.h
240 silly gunzTarPerm modified mode [ 'src/dpi/include/dpiStmt.h', 420, 438 ]
241 silly gunzTarPerm extractEntry nan.h
242 silly gunzTarPerm modified mode [ 'nan.h', 436, 438 ]
243 silly gunzTarPerm extractEntry src/dpi/src/dpiExceptionImpl.cpp
244 silly gunzTarPerm modified mode [ 'src/dpi/src/dpiExceptionImpl.cpp', 420, 438 ]
245 silly gunzTarPerm extractEntry src/dpi/src/dpiCommon.cpp
246 silly gunzTarPerm modified mode [ 'src/dpi/src/dpiCommon.cpp', 420, 438 ]
247 silly gunzTarPerm extractEntry nan_callbacks.h
248 silly gunzTarPerm modified mode [ 'nan_callbacks.h', 436, 438 ]
249 silly gunzTarPerm extractEntry nan_callbacks_12_inl.h
250 silly gunzTarPerm modified mode [ 'nan_callbacks_12_inl.h', 436, 438 ]
251 silly gunzTarPerm extractEntry nan_callbacks_pre_12_inl.h
252 silly gunzTarPerm modified mode [ 'nan_callbacks_pre_12_inl.h', 436, 438 ]
253 silly gunzTarPerm extractEntry src/dpi/src/dpiConnImpl.h
254 silly gunzTarPerm modified mode [ 'src/dpi/src/dpiConnImpl.h', 420, 438 ]
255 silly gunzTarPerm extractEntry src/dpi/src/dpiDateTimeArrayImpl.cpp
256 silly gunzTarPerm modified mode [ 'src/dpi/src/dpiDateTimeArrayImpl.cpp', 420, 438 ]
257 silly gunzTarPerm extractEntry nan_converters_43_inl.h
258 silly gunzTarPerm modified mode [ 'nan_converters_43_inl.h', 436, 438 ]
259 silly gunzTarPerm extractEntry nan_converters_pre_43_inl.h
260 silly gunzTarPerm modified mode [ 'nan_converters_pre_43_inl.h', 436, 438 ]
261 silly gunzTarPerm extractEntry nan_implementation_12_inl.h
262 silly gunzTarPerm modified mode [ 'nan_implementation_12_inl.h', 436, 438 ]
263 silly gunzTarPerm extractEntry src/dpi/src/dpiDateTimeArrayImpl.h
264 silly gunzTarPerm modified mode [ 'src/dpi/src/dpiDateTimeArrayImpl.h', 420, 438 ]
265 silly gunzTarPerm extractEntry src/dpi/src/dpiEnv.cpp
266 silly gunzTarPerm modified mode [ 'src/dpi/src/dpiEnv.cpp', 420, 438 ]
267 silly gunzTarPerm extractEntry nan_implementation_pre_12_inl.h
268 silly gunzTarPerm modified mode [ 'nan_implementation_pre_12_inl.h', 436, 438 ]
269 silly gunzTarPerm extractEntry src/dpi/src/dpiEnvImpl.cpp
270 silly gunzTarPerm modified mode [ 'src/dpi/src/dpiEnvImpl.cpp', 420, 438 ]
271 silly gunzTarPerm extractEntry src/dpi/src/dpiEnvImpl.h
272 silly gunzTarPerm modified mode [ 'src/dpi/src/dpiEnvImpl.h', 420, 438 ]
273 silly gunzTarPerm extractEntry nan_maybe_43_inl.h
274 silly gunzTarPerm modified mode [ 'nan_maybe_43_inl.h', 436, 438 ]
275 silly gunzTarPerm extractEntry nan_maybe_pre_43_inl.h
276 silly gunzTarPerm modified mode [ 'nan_maybe_pre_43_inl.h', 436, 438 ]
277 silly gunzTarPerm extractEntry nan_new.h
278 silly gunzTarPerm modified mode [ 'nan_new.h', 436, 438 ]
279 silly gunzTarPerm extractEntry nan_object_wrap.h
280 silly gunzTarPerm modified mode [ 'nan_object_wrap.h', 436, 438 ]
281 silly gunzTarPerm extractEntry src/dpi/src/dpiException.cpp
282 silly gunzTarPerm modified mode [ 'src/dpi/src/dpiException.cpp', 420, 438 ]
283 silly gunzTarPerm extractEntry src/dpi/src/dpiConnImpl.cpp
284 silly gunzTarPerm modified mode [ 'src/dpi/src/dpiConnImpl.cpp', 420, 438 ]
285 silly gunzTarPerm extractEntry nan_persistent_12_inl.h
286 silly gunzTarPerm modified mode [ 'nan_persistent_12_inl.h', 436, 438 ]
287 silly gunzTarPerm extractEntry nan_persistent_pre_12_inl.h
288 silly gunzTarPerm modified mode [ 'nan_persistent_pre_12_inl.h', 436, 438 ]
289 silly gunzTarPerm extractEntry nan_private.h
290 silly gunzTarPerm modified mode [ 'nan_private.h', 436, 438 ]
291 silly gunzTarPerm extractEntry nan_string_bytes.h
292 silly gunzTarPerm modified mode [ 'nan_string_bytes.h', 436, 438 ]
293 silly gunzTarPerm extractEntry src/dpi/src/dpiExceptionImpl.h
294 silly gunzTarPerm modified mode [ 'src/dpi/src/dpiExceptionImpl.h', 420, 438 ]
295 silly gunzTarPerm extractEntry src/dpi/src/dpiLob.cpp
296 silly gunzTarPerm modified mode [ 'src/dpi/src/dpiLob.cpp', 420, 438 ]
297 silly gunzTarPerm extractEntry nan_typedarray_contents.h
298 silly gunzTarPerm modified mode [ 'nan_typedarray_contents.h', 436, 438 ]
299 silly gunzTarPerm extractEntry nan_weak.h
300 silly gunzTarPerm modified mode [ 'nan_weak.h', 436, 438 ]
301 silly gunzTarPerm extractEntry tools/package.json
302 silly gunzTarPerm modified mode [ 'tools/package.json', 436, 438 ]
303 silly gunzTarPerm extractEntry tools/README.md
304 silly gunzTarPerm modified mode [ 'tools/README.md', 436, 438 ]
305 silly gunzTarPerm extractEntry src/dpi/src/dpiPoolImpl.cpp
306 silly gunzTarPerm modified mode [ 'src/dpi/src/dpiPoolImpl.cpp', 420, 438 ]
307 silly gunzTarPerm extractEntry src/dpi/src/dpiPoolImpl.h
308 silly gunzTarPerm modified mode [ 'src/dpi/src/dpiPoolImpl.h', 420, 438 ]
309 silly gunzTarPerm extractEntry tools/1to2.js
310 silly gunzTarPerm modified mode [ 'tools/1to2.js', 509, 511 ]
311 silly gunzTarPerm extractEntry src/dpi/src/dpiStmtImpl.cpp
312 silly gunzTarPerm modified mode [ 'src/dpi/src/dpiStmtImpl.cpp', 420, 438 ]
313 silly gunzTarPerm extractEntry src/dpi/src/dpiStmtImpl.h
314 silly gunzTarPerm modified mode [ 'src/dpi/src/dpiStmtImpl.h', 420, 438 ]
315 silly gunzTarPerm extractEntry src/dpi/src/dpiUtils.cpp
316 silly gunzTarPerm modified mode [ 'src/dpi/src/dpiUtils.cpp', 420, 438 ]
317 silly gunzTarPerm extractEntry src/dpi/src/dpiUtils.h
318 silly gunzTarPerm modified mode [ 'src/dpi/src/dpiUtils.h', 420, 438 ]
319 silly gunzTarPerm extractEntry src/njs/src/njsOracle.cpp
320 silly gunzTarPerm modified mode [ 'src/njs/src/njsOracle.cpp', 420, 438 ]
321 silly gunzTarPerm extractEntry src/njs/src/njsConnection.cpp
322 silly gunzTarPerm modified mode [ 'src/njs/src/njsConnection.cpp', 420, 438 ]
323 silly gunzTarPerm extractEntry src/njs/src/njsIntLob.cpp
324 silly gunzTarPerm modified mode [ 'src/njs/src/njsIntLob.cpp', 420, 438 ]
325 silly gunzTarPerm extractEntry src/njs/src/njsIntLob.h
326 silly gunzTarPerm modified mode [ 'src/njs/src/njsIntLob.h', 420, 438 ]
327 silly gunzTarPerm extractEntry src/njs/src/njsMessages.cpp
328 silly gunzTarPerm modified mode [ 'src/njs/src/njsMessages.cpp', 420, 438 ]
329 silly gunzTarPerm extractEntry src/njs/src/njsMessages.h
330 silly gunzTarPerm modified mode [ 'src/njs/src/njsMessages.h', 420, 438 ]
331 silly gunzTarPerm extractEntry src/njs/src/njsConnection.h
332 silly gunzTarPerm modified mode [ 'src/njs/src/njsConnection.h', 420, 438 ]
333 silly gunzTarPerm extractEntry src/njs/src/njsOracle.h
334 silly gunzTarPerm modified mode [ 'src/njs/src/njsOracle.h', 420, 438 ]
335 silly gunzTarPerm extractEntry src/njs/src/njsPool.cpp
336 silly gunzTarPerm modified mode [ 'src/njs/src/njsPool.cpp', 420, 438 ]
337 silly gunzTarPerm extractEntry src/njs/src/njsPool.h
338 silly gunzTarPerm modified mode [ 'src/njs/src/njsPool.h', 420, 438 ]
339 silly gunzTarPerm extractEntry src/njs/src/njsResultSet.cpp
340 silly gunzTarPerm modified mode [ 'src/njs/src/njsResultSet.cpp', 420, 438 ]
341 silly gunzTarPerm extractEntry src/njs/src/njsResultSet.h
342 silly gunzTarPerm modified mode [ 'src/njs/src/njsResultSet.h', 420, 438 ]
343 silly gunzTarPerm extractEntry src/njs/src/njsUtils.h
344 silly gunzTarPerm modified mode [ 'src/njs/src/njsUtils.h', 420, 438 ]
345 silly gentlyRm D:\Dashboard\node_modules\.staging\nan-7156d123\node_modules is being purged
346 verbose gentlyRm don't care about contents; nuking D:\Dashboard\node_modules\.staging\nan-7156d123\node_modules
347 silly gentlyRm D:\Dashboard\node_modules\.staging\oracledb-e850379d\node_modules is being purged
348 verbose gentlyRm don't care about contents; nuking D:\Dashboard\node_modules\.staging\oracledb-e850379d\node_modules
349 silly doParallel preinstall 2
350 silly preinstall nan@2.5.1 D:\Dashboard\node_modules\.staging\nan-7156d123
351 info lifecycle nan@2.5.1~preinstall: nan@2.5.1
352 silly preinstall oracledb@1.13.1 D:\Dashboard\node_modules\.staging\oracledb-e850379d
353 info lifecycle oracledb@1.13.1~preinstall: oracledb@1.13.1
354 silly lifecycle nan@2.5.1~preinstall: no script for preinstall, continuing
355 silly lifecycle oracledb@1.13.1~preinstall: no script for preinstall, continuing
356 silly doReverseSerial remove 0
357 silly doSerial move 0
358 silly doSerial finalize 2
359 silly finalize D:\Dashboard\node_modules\nan
360 silly finalize D:\Dashboard\node_modules\oracledb
361 silly doSerial build 2
362 silly build nan@2.5.1
363 info linkStuff nan@2.5.1
364 silly linkStuff nan@2.5.1 has D:\Dashboard\node_modules as its parent node_modules
365 verbose linkBins nan@2.5.1
366 verbose linkMans nan@2.5.1
367 silly build oracledb@1.13.1
368 info linkStuff oracledb@1.13.1
369 silly linkStuff oracledb@1.13.1 has D:\Dashboard\node_modules as its parent node_modules
370 verbose linkBins oracledb@1.13.1
371 verbose linkMans oracledb@1.13.1
372 silly doSerial global-link 0
373 silly doParallel update-linked 0
374 silly doSerial install 2
375 silly install nan@2.5.1 D:\Dashboard\node_modules\.staging\nan-7156d123
376 info lifecycle nan@2.5.1~install: nan@2.5.1
377 silly lifecycle nan@2.5.1~install: no script for install, continuing
378 silly install oracledb@1.13.1 D:\Dashboard\node_modules\.staging\oracledb-e850379d
379 info lifecycle oracledb@1.13.1~install: oracledb@1.13.1
380 verbose lifecycle oracledb@1.13.1~install: unsafe-perm in lifecycle true
381 verbose lifecycle oracledb@1.13.1~install: PATH: C:\Program Files\nodejs\node_modules\npm\bin\node-gyp-bin;D:\Dashboard\node_modules\oracledb\node_modules\.bin;D:\Dashboard\node_modules\.bin;C:\ProgramData\Oracle\Java\javapath;C:\Program Files\Teradata\Client\14.10\CLIv2\;C:\Program Files (x86)\Teradata\Client\14.10\CLIv2\;C:\Program Files\Teradata\Client\14.10\Shared ICU Libraries for Teradata\lib\;C:\Program Files (x86)\Teradata\Client\14.10\Shared ICU Libraries for Teradata\lib\;C:\Program Files (x86)\Teradata\Client\14.10\tdwallet\nt-i386\;C:\Program Files\Teradata\Client\14.10\tdwallet\nt-x8664\;C:\Program Files\nodejs\;C:\oracle\instantclient;C:\Python27\Scripts\;C:\Python27\;C:\Python27;C:\Python27\Scripts;C:\Octave\Octave-4.0.3\bin;C:\Users\m1034714\AppData\Roaming\npm
382 verbose lifecycle oracledb@1.13.1~install: CWD: D:\Dashboard\node_modules\oracledb
383 silly lifecycle oracledb@1.13.1~install: Args: [ '/d /s /c', 'node-gyp rebuild' ]
384 silly lifecycle oracledb@1.13.1~install: Returned: code: 1  signal: null
385 info lifecycle oracledb@1.13.1~install: Failed to exec install script
386 verbose unlock done using C:\Users\m1034714\AppData\Roaming\npm-cache\_locks\staging-4f003ae7f32f0942.lock for D:\Dashboard\node_modules\.staging
387 silly rollbackFailedOptional Starting
388 silly rollbackFailedOptional Finishing
389 silly runTopLevelLifecycles Finishing
390 silly install printInstalled
391 warn dashboard@0.0.1 No repository field.
392 verbose If you need help, you may report this error at:
392 verbose     <https://github.com/npm/npm/issues>
393 verbose stack Error: oracledb@1.13.1 install: `node-gyp rebuild`
393 verbose stack Exit status 1
393 verbose stack     at EventEmitter.<anonymous> (C:\Program Files\nodejs\node_modules\npm\lib\utils\lifecycle.js:255:16)
393 verbose stack     at emitTwo (events.js:106:13)
393 verbose stack     at EventEmitter.emit (events.js:191:7)
393 verbose stack     at ChildProcess.<anonymous> (C:\Program Files\nodejs\node_modules\npm\lib\utils\spawn.js:40:14)
393 verbose stack     at emitTwo (events.js:106:13)
393 verbose stack     at ChildProcess.emit (events.js:191:7)
393 verbose stack     at maybeClose (internal/child_process.js:891:16)
393 verbose stack     at Process.ChildProcess._handle.onexit (internal/child_process.js:226:5)
394 verbose pkgid oracledb@1.13.1
395 verbose cwd D:\Dashboard\routes
396 error Windows_NT 6.3.9600
397 error argv "C:\\Program Files\\nodejs\\node.exe" "C:\\Program Files\\nodejs\\node_modules\\npm\\bin\\npm-cli.js" "install" "oracledb" "--save"
398 error node v6.11.0
399 error npm  v3.10.10
400 error code ELIFECYCLE
401 error oracledb@1.13.1 install: `node-gyp rebuild`
401 error Exit status 1
402 error Failed at the oracledb@1.13.1 install script 'node-gyp rebuild'.
402 error Make sure you have the latest version of node.js and npm installed.
402 error If you do, this is most likely a problem with the oracledb package,
402 error not with npm itself.
402 error Tell the author that this fails on your system:
402 error     node-gyp rebuild
402 error You can get information on how to open an issue for this project with:
402 error     npm bugs oracledb
402 error Or if that isn't available, you can get their info via:
402 error     npm owner ls oracledb
402 error There is likely additional logging output above.
403 verbose exit [ 1, true ]
